{"/Users/douglas/Sites/todo-api/src/server.ts": {"path":"/Users/douglas/Sites/todo-api/src/server.ts","statementMap":{"0":{"start":{"line":1,"column":0},"end":{"line":1,"column":29}},"1":{"start":{"line":2,"column":0},"end":{"line":2,"column":23}},"2":{"start":{"line":3,"column":0},"end":{"line":3,"column":48}},"3":{"start":{"line":4,"column":0},"end":{"line":4,"column":48}},"4":{"start":{"line":5,"column":0},"end":{"line":5,"column":59}},"5":{"start":{"line":6,"column":0},"end":{"line":6,"column":65}},"6":{"start":{"line":7,"column":0},"end":{"line":7,"column":49}},"7":{"start":{"line":8,"column":0},"end":{"line":8,"column":42}},"8":{"start":{"line":9,"column":0},"end":{"line":9,"column":45}},"9":{"start":{"line":12,"column":12},"end":{"line":12,"column":21}},"10":{"start":{"line":14,"column":0},"end":{"line":14,"column":null}},"11":{"start":{"line":15,"column":0},"end":{"line":15,"column":null}},"12":{"start":{"line":16,"column":0},"end":{"line":16,"column":null}},"13":{"start":{"line":17,"column":0},"end":{"line":17,"column":null}},"14":{"start":{"line":19,"column":0},"end":{"line":19,"column":null}},"15":{"start":{"line":20,"column":0},"end":{"line":20,"column":null}},"16":{"start":{"line":26,"column":16},"end":{"line":28,"column":null}},"17":{"start":{"line":30,"column":0},"end":{"line":30,"column":null}},"18":{"start":{"line":31,"column":0},"end":{"line":31,"column":null}},"19":{"start":{"line":33,"column":0},"end":{"line":33,"column":28}},"20":{"start":{"line":34,"column":0},"end":{"line":34,"column":null}},"21":{"start":{"line":36,"column":0},"end":{"line":36,"column":null}}},"fnMap":{},"branchMap":{},"s":{"0":3,"1":3,"2":3,"3":3,"4":3,"5":3,"6":3,"7":3,"8":3,"9":3,"10":3,"11":3,"12":3,"13":3,"14":3,"15":3,"16":3,"17":3,"18":3,"19":3,"20":3,"21":3},"f":{},"b":{}}
,"/Users/douglas/Sites/todo-api/src/api/todos/todo.controller.ts": {"path":"/Users/douglas/Sites/todo-api/src/api/todos/todo.controller.ts","statementMap":{"0":{"start":{"line":2,"column":0},"end":{"line":2,"column":44}},"1":{"start":{"line":4,"column":26},"end":{"line":13,"column":null}},"2":{"start":{"line":7,"column":4},"end":{"line":13,"column":null}},"3":{"start":{"line":8,"column":15},"end":{"line":10,"column":null}},"4":{"start":{"line":12,"column":2},"end":{"line":12,"column":null}},"5":{"start":{"line":4,"column":13},"end":{"line":4,"column":26}},"6":{"start":{"line":15,"column":26},"end":{"line":25,"column":null}},"7":{"start":{"line":18,"column":4},"end":{"line":25,"column":null}},"8":{"start":{"line":19,"column":15},"end":{"line":22,"column":null}},"9":{"start":{"line":24,"column":2},"end":{"line":24,"column":null}},"10":{"start":{"line":15,"column":13},"end":{"line":15,"column":26}}},"fnMap":{"0":{"name":"(anonymous_7)","decl":{"start":{"line":4,"column":26},"end":{"line":4,"column":null}},"loc":{"start":{"line":7,"column":4},"end":{"line":13,"column":null}}},"1":{"name":"(anonymous_8)","decl":{"start":{"line":7,"column":4},"end":{"line":7,"column":null}},"loc":{"start":{"line":7,"column":4},"end":{"line":13,"column":1}}},"2":{"name":"(anonymous_9)","decl":{"start":{"line":15,"column":26},"end":{"line":15,"column":null}},"loc":{"start":{"line":18,"column":4},"end":{"line":25,"column":null}}},"3":{"name":"(anonymous_10)","decl":{"start":{"line":18,"column":4},"end":{"line":18,"column":null}},"loc":{"start":{"line":18,"column":4},"end":{"line":25,"column":1}}}},"branchMap":{},"s":{"0":3,"1":3,"2":0,"3":0,"4":0,"5":3,"6":3,"7":0,"8":0,"9":0,"10":3},"f":{"0":0,"1":0,"2":0,"3":0},"b":{}}
,"/Users/douglas/Sites/todo-api/src/api/todos/todo.routes.ts": {"path":"/Users/douglas/Sites/todo-api/src/api/todos/todo.routes.ts","statementMap":{"0":{"start":{"line":1,"column":0},"end":{"line":1,"column":32}},"1":{"start":{"line":2,"column":0},"end":{"line":2,"column":51}},"2":{"start":{"line":3,"column":0},"end":{"line":3,"column":59}},"3":{"start":{"line":4,"column":0},"end":{"line":4,"column":52}},"4":{"start":{"line":5,"column":0},"end":{"line":5,"column":55}},"5":{"start":{"line":7,"column":15},"end":{"line":7,"column":23}},"6":{"start":{"line":9,"column":0},"end":{"line":11,"column":null}},"7":{"start":{"line":10,"column":2},"end":{"line":10,"column":null}},"8":{"start":{"line":12,"column":0},"end":{"line":12,"column":null}},"9":{"start":{"line":13,"column":0},"end":{"line":17,"column":null}},"10":{"start":{"line":18,"column":0},"end":{"line":22,"column":null}},"11":{"start":{"line":23,"column":0},"end":{"line":23,"column":null}},"12":{"start":{"line":25,"column":0},"end":{"line":25,"column":null}}},"fnMap":{"0":{"name":"(anonymous_6)","decl":{"start":{"line":9,"column":16},"end":{"line":9,"column":17}},"loc":{"start":{"line":9,"column":29},"end":{"line":11,"column":1}}},"1":{"name":"(anonymous_7)","decl":{"start":{"line":12,"column":23},"end":{"line":12,"column":24}},"loc":{"start":{"line":12,"column":36},"end":{"line":12,"column":39}}},"2":{"name":"(anonymous_8)","decl":{"start":{"line":23,"column":26},"end":{"line":23,"column":27}},"loc":{"start":{"line":23,"column":39},"end":{"line":23,"column":42}}}},"branchMap":{},"s":{"0":3,"1":3,"2":3,"3":3,"4":3,"5":3,"6":3,"7":0,"8":3,"9":3,"10":3,"11":3,"12":3},"f":{"0":0,"1":0,"2":0},"b":{}}
,"/Users/douglas/Sites/todo-api/src/api/todos/todo.service.ts": {"path":"/Users/douglas/Sites/todo-api/src/api/todos/todo.service.ts","statementMap":{"0":{"start":{"line":1,"column":0},"end":{"line":1,"column":42}},"1":{"start":{"line":5,"column":4},"end":{"line":10,"column":null}},"2":{"start":{"line":14,"column":4},"end":{"line":22,"column":null}},"3":{"start":{"line":3,"column":0},"end":{"line":3,"column":13}}},"fnMap":{"0":{"name":"(anonymous_8)","decl":{"start":{"line":4,"column":2},"end":{"line":4,"column":8}},"loc":{"start":{"line":4,"column":60},"end":{"line":11,"column":null}}},"1":{"name":"(anonymous_10)","decl":{"start":{"line":13,"column":2},"end":{"line":13,"column":8}},"loc":{"start":{"line":13,"column":76},"end":{"line":23,"column":null}}}},"branchMap":{},"s":{"0":3,"1":0,"2":0,"3":3},"f":{"0":0,"1":0},"b":{}}
,"/Users/douglas/Sites/todo-api/src/api/todos/todo.validations.ts": {"path":"/Users/douglas/Sites/todo-api/src/api/todos/todo.validations.ts","statementMap":{"0":{"start":{"line":1,"column":0},"end":{"line":1,"column":47}},"1":{"start":{"line":2,"column":0},"end":{"line":2,"column":42}},"2":{"start":{"line":4,"column":31},"end":{"line":57,"column":1}},"3":{"start":{"line":5,"column":17},"end":{"line":31,"column":null}},"4":{"start":{"line":18,"column":30},"end":{"line":30,"column":8}},"5":{"start":{"line":19,"column":8},"end":{"line":21,"column":null}},"6":{"start":{"line":20,"column":10},"end":{"line":20,"column":null}},"7":{"start":{"line":22,"column":25},"end":{"line":26,"column":10}},"8":{"start":{"line":27,"column":8},"end":{"line":29,"column":null}},"9":{"start":{"line":28,"column":10},"end":{"line":28,"column":null}},"10":{"start":{"line":33,"column":17},"end":{"line":47,"column":null}},"11":{"start":{"line":34,"column":43},"end":{"line":46,"column":6}},"12":{"start":{"line":35,"column":6},"end":{"line":37,"column":null}},"13":{"start":{"line":36,"column":8},"end":{"line":36,"column":null}},"14":{"start":{"line":38,"column":19},"end":{"line":42,"column":8}},"15":{"start":{"line":43,"column":6},"end":{"line":45,"column":null}},"16":{"start":{"line":44,"column":8},"end":{"line":44,"column":null}},"17":{"start":{"line":49,"column":2},"end":{"line":56,"column":null}},"18":{"start":{"line":51,"column":6},"end":{"line":51,"column":null}},"19":{"start":{"line":53,"column":6},"end":{"line":53,"column":null}},"20":{"start":{"line":55,"column":6},"end":{"line":55,"column":null}},"21":{"start":{"line":4,"column":13},"end":{"line":4,"column":31}}},"fnMap":{"0":{"name":"(anonymous_8)","decl":{"start":{"line":4,"column":31},"end":{"line":4,"column":32}},"loc":{"start":{"line":4,"column":50},"end":{"line":57,"column":1}}},"1":{"name":"(anonymous_9)","decl":{"start":{"line":18,"column":14},"end":{"line":18,"column":21}},"loc":{"start":{"line":18,"column":30},"end":{"line":30,"column":8}}},"2":{"name":"(anonymous_10)","decl":{"start":{"line":18,"column":30},"end":{"line":18,"column":null}},"loc":{"start":{"line":18,"column":30},"end":{"line":30,"column":7}}},"3":{"name":"(anonymous_11)","decl":{"start":{"line":34,"column":27},"end":{"line":34,"column":34}},"loc":{"start":{"line":34,"column":43},"end":{"line":46,"column":6}}},"4":{"name":"(anonymous_12)","decl":{"start":{"line":34,"column":43},"end":{"line":34,"column":null}},"loc":{"start":{"line":34,"column":43},"end":{"line":46,"column":5}}}},"branchMap":{"0":{"loc":{"start":{"line":19,"column":8},"end":{"line":21,"column":null}},"type":"if","locations":[{"start":{"line":19,"column":8},"end":{"line":21,"column":null}}]},"1":{"loc":{"start":{"line":27,"column":8},"end":{"line":29,"column":null}},"type":"if","locations":[{"start":{"line":27,"column":8},"end":{"line":29,"column":null}}]},"2":{"loc":{"start":{"line":35,"column":6},"end":{"line":37,"column":null}},"type":"if","locations":[{"start":{"line":35,"column":6},"end":{"line":37,"column":null}}]},"3":{"loc":{"start":{"line":43,"column":6},"end":{"line":45,"column":null}},"type":"if","locations":[{"start":{"line":43,"column":6},"end":{"line":45,"column":null}}]},"4":{"loc":{"start":{"line":49,"column":2},"end":{"line":56,"column":null}},"type":"switch","locations":[{"start":{"line":50,"column":4},"end":{"line":51,"column":null}},{"start":{"line":52,"column":4},"end":{"line":53,"column":null}},{"start":{"line":54,"column":4},"end":{"line":55,"column":null}}]}},"s":{"0":3,"1":3,"2":3,"3":6,"4":0,"5":0,"6":0,"7":0,"8":0,"9":0,"10":6,"11":0,"12":0,"13":0,"14":0,"15":0,"16":0,"17":6,"18":3,"19":3,"20":0,"21":3},"f":{"0":6,"1":0,"2":0,"3":0,"4":0},"b":{"0":[0],"1":[0],"2":[0],"3":[0],"4":[3,3,0]}}
,"/Users/douglas/Sites/todo-api/src/api/users/user.controller.ts": {"path":"/Users/douglas/Sites/todo-api/src/api/users/user.controller.ts","statementMap":{"0":{"start":{"line":2,"column":0},"end":{"line":2,"column":43}},"1":{"start":{"line":3,"column":0},"end":{"line":3,"column":44}},"2":{"start":{"line":5,"column":26},"end":{"line":8,"column":null}},"3":{"start":{"line":5,"column":64},"end":{"line":8,"column":null}},"4":{"start":{"line":6,"column":15},"end":{"line":6,"column":74}},"5":{"start":{"line":7,"column":2},"end":{"line":7,"column":null}},"6":{"start":{"line":5,"column":13},"end":{"line":5,"column":26}},"7":{"start":{"line":10,"column":27},"end":{"line":13,"column":null}},"8":{"start":{"line":10,"column":65},"end":{"line":13,"column":null}},"9":{"start":{"line":11,"column":16},"end":{"line":11,"column":47}},"10":{"start":{"line":12,"column":2},"end":{"line":12,"column":null}},"11":{"start":{"line":10,"column":13},"end":{"line":10,"column":27}},"12":{"start":{"line":15,"column":27},"end":{"line":25,"column":null}},"13":{"start":{"line":19,"column":4},"end":{"line":25,"column":null}},"14":{"start":{"line":20,"column":15},"end":{"line":20,"column":63}},"15":{"start":{"line":21,"column":2},"end":{"line":23,"column":null}},"16":{"start":{"line":22,"column":4},"end":{"line":22,"column":null}},"17":{"start":{"line":24,"column":2},"end":{"line":24,"column":null}},"18":{"start":{"line":15,"column":13},"end":{"line":15,"column":27}},"19":{"start":{"line":27,"column":26},"end":{"line":34,"column":null}},"20":{"start":{"line":27,"column":64},"end":{"line":34,"column":null}},"21":{"start":{"line":28,"column":15},"end":{"line":31,"column":null}},"22":{"start":{"line":33,"column":2},"end":{"line":33,"column":null}},"23":{"start":{"line":27,"column":13},"end":{"line":27,"column":26}}},"fnMap":{"0":{"name":"(anonymous_8)","decl":{"start":{"line":5,"column":26},"end":{"line":5,"column":33}},"loc":{"start":{"line":5,"column":64},"end":{"line":8,"column":null}}},"1":{"name":"(anonymous_9)","decl":{"start":{"line":5,"column":64},"end":{"line":5,"column":null}},"loc":{"start":{"line":5,"column":64},"end":{"line":8,"column":1}}},"2":{"name":"(anonymous_10)","decl":{"start":{"line":10,"column":27},"end":{"line":10,"column":34}},"loc":{"start":{"line":10,"column":65},"end":{"line":13,"column":null}}},"3":{"name":"(anonymous_11)","decl":{"start":{"line":10,"column":65},"end":{"line":10,"column":null}},"loc":{"start":{"line":10,"column":65},"end":{"line":13,"column":1}}},"4":{"name":"(anonymous_12)","decl":{"start":{"line":15,"column":27},"end":{"line":15,"column":null}},"loc":{"start":{"line":19,"column":4},"end":{"line":25,"column":null}}},"5":{"name":"(anonymous_13)","decl":{"start":{"line":19,"column":4},"end":{"line":19,"column":null}},"loc":{"start":{"line":19,"column":4},"end":{"line":25,"column":1}}},"6":{"name":"(anonymous_14)","decl":{"start":{"line":27,"column":26},"end":{"line":27,"column":33}},"loc":{"start":{"line":27,"column":64},"end":{"line":34,"column":null}}},"7":{"name":"(anonymous_15)","decl":{"start":{"line":27,"column":64},"end":{"line":27,"column":null}},"loc":{"start":{"line":27,"column":64},"end":{"line":34,"column":1}}}},"branchMap":{"0":{"loc":{"start":{"line":21,"column":2},"end":{"line":23,"column":null}},"type":"if","locations":[{"start":{"line":21,"column":2},"end":{"line":23,"column":null}}]}},"s":{"0":3,"1":3,"2":3,"3":2,"4":2,"5":2,"6":3,"7":3,"8":1,"9":1,"10":1,"11":3,"12":3,"13":5,"14":5,"15":5,"16":1,"17":4,"18":3,"19":3,"20":3,"21":3,"22":3,"23":3},"f":{"0":2,"1":2,"2":1,"3":1,"4":5,"5":5,"6":3,"7":3},"b":{"0":[1]}}
,"/Users/douglas/Sites/todo-api/src/api/users/user.routes.ts": {"path":"/Users/douglas/Sites/todo-api/src/api/users/user.routes.ts","statementMap":{"0":{"start":{"line":1,"column":0},"end":{"line":1,"column":32}},"1":{"start":{"line":2,"column":0},"end":{"line":2,"column":51}},"2":{"start":{"line":3,"column":0},"end":{"line":3,"column":59}},"3":{"start":{"line":4,"column":0},"end":{"line":4,"column":52}},"4":{"start":{"line":5,"column":0},"end":{"line":5,"column":55}},"5":{"start":{"line":7,"column":15},"end":{"line":7,"column":23}},"6":{"start":{"line":9,"column":0},"end":{"line":9,"column":null}},"7":{"start":{"line":10,"column":0},"end":{"line":14,"column":null}},"8":{"start":{"line":15,"column":0},"end":{"line":15,"column":null}},"9":{"start":{"line":16,"column":0},"end":{"line":20,"column":null}},"10":{"start":{"line":22,"column":0},"end":{"line":22,"column":null}}},"fnMap":{},"branchMap":{},"s":{"0":3,"1":3,"2":3,"3":3,"4":3,"5":3,"6":3,"7":3,"8":3,"9":3,"10":3},"f":{},"b":{}}
,"/Users/douglas/Sites/todo-api/src/api/users/user.service.ts": {"path":"/Users/douglas/Sites/todo-api/src/api/users/user.service.ts","statementMap":{"0":{"start":{"line":1,"column":0},"end":{"line":1,"column":42}},"1":{"start":{"line":5,"column":4},"end":{"line":10,"column":null}},"2":{"start":{"line":14,"column":4},"end":{"line":14,"column":null}},"3":{"start":{"line":18,"column":4},"end":{"line":22,"column":null}},"4":{"start":{"line":26,"column":4},"end":{"line":34,"column":null}},"5":{"start":{"line":38,"column":4},"end":{"line":42,"column":null}},"6":{"start":{"line":46,"column":17},"end":{"line":50,"column":6}},"7":{"start":{"line":51,"column":4},"end":{"line":51,"column":null}},"8":{"start":{"line":3,"column":0},"end":{"line":3,"column":13}}},"fnMap":{"0":{"name":"(anonymous_8)","decl":{"start":{"line":4,"column":2},"end":{"line":4,"column":8}},"loc":{"start":{"line":4,"column":53},"end":{"line":11,"column":null}}},"1":{"name":"(anonymous_10)","decl":{"start":{"line":13,"column":2},"end":{"line":13,"column":8}},"loc":{"start":{"line":13,"column":26},"end":{"line":15,"column":null}}},"2":{"name":"(anonymous_12)","decl":{"start":{"line":17,"column":2},"end":{"line":17,"column":8}},"loc":{"start":{"line":17,"column":41},"end":{"line":23,"column":null}}},"3":{"name":"(anonymous_14)","decl":{"start":{"line":25,"column":2},"end":{"line":25,"column":8}},"loc":{"start":{"line":25,"column":69},"end":{"line":35,"column":null}}},"4":{"name":"(anonymous_16)","decl":{"start":{"line":37,"column":2},"end":{"line":37,"column":8}},"loc":{"start":{"line":37,"column":40},"end":{"line":43,"column":null}}},"5":{"name":"(anonymous_18)","decl":{"start":{"line":45,"column":2},"end":{"line":45,"column":8}},"loc":{"start":{"line":45,"column":40},"end":{"line":52,"column":null}}}},"branchMap":{},"s":{"0":3,"1":4,"2":1,"3":5,"4":3,"5":2,"6":2,"7":2,"8":3},"f":{"0":4,"1":1,"2":5,"3":3,"4":2,"5":2},"b":{}}
,"/Users/douglas/Sites/todo-api/src/api/users/user.validations.ts": {"path":"/Users/douglas/Sites/todo-api/src/api/users/user.validations.ts","statementMap":{"0":{"start":{"line":1,"column":0},"end":{"line":1,"column":47}},"1":{"start":{"line":2,"column":0},"end":{"line":2,"column":42}},"2":{"start":{"line":3,"column":0},"end":{"line":3,"column":43}},"3":{"start":{"line":4,"column":0},"end":{"line":4,"column":44}},"4":{"start":{"line":6,"column":31},"end":{"line":75,"column":1}},"5":{"start":{"line":7,"column":17},"end":{"line":25,"column":null}},"6":{"start":{"line":19,"column":30},"end":{"line":24,"column":8}},"7":{"start":{"line":20,"column":8},"end":{"line":22,"column":null}},"8":{"start":{"line":21,"column":10},"end":{"line":21,"column":null}},"9":{"start":{"line":23,"column":8},"end":{"line":23,"column":null}},"10":{"start":{"line":27,"column":22},"end":{"line":40,"column":64}},"11":{"start":{"line":30,"column":37},"end":{"line":39,"column":6}},"12":{"start":{"line":31,"column":19},"end":{"line":35,"column":8}},"13":{"start":{"line":36,"column":6},"end":{"line":38,"column":null}},"14":{"start":{"line":37,"column":8},"end":{"line":37,"column":null}},"15":{"start":{"line":42,"column":17},"end":{"line":65,"column":null}},"16":{"start":{"line":50,"column":30},"end":{"line":62,"column":8}},"17":{"start":{"line":51,"column":8},"end":{"line":53,"column":null}},"18":{"start":{"line":52,"column":10},"end":{"line":52,"column":16}},"19":{"start":{"line":54,"column":21},"end":{"line":58,"column":10}},"20":{"start":{"line":59,"column":8},"end":{"line":61,"column":null}},"21":{"start":{"line":60,"column":10},"end":{"line":60,"column":null}},"22":{"start":{"line":67,"column":2},"end":{"line":74,"column":null}},"23":{"start":{"line":69,"column":6},"end":{"line":69,"column":null}},"24":{"start":{"line":71,"column":6},"end":{"line":71,"column":null}},"25":{"start":{"line":73,"column":6},"end":{"line":73,"column":null}},"26":{"start":{"line":6,"column":13},"end":{"line":6,"column":31}}},"fnMap":{"0":{"name":"(anonymous_8)","decl":{"start":{"line":6,"column":31},"end":{"line":6,"column":32}},"loc":{"start":{"line":6,"column":50},"end":{"line":75,"column":1}}},"1":{"name":"(anonymous_9)","decl":{"start":{"line":19,"column":14},"end":{"line":19,"column":21}},"loc":{"start":{"line":19,"column":30},"end":{"line":24,"column":8}}},"2":{"name":"(anonymous_10)","decl":{"start":{"line":19,"column":30},"end":{"line":19,"column":null}},"loc":{"start":{"line":19,"column":30},"end":{"line":24,"column":7}}},"3":{"name":"(anonymous_11)","decl":{"start":{"line":30,"column":12},"end":{"line":30,"column":19}},"loc":{"start":{"line":30,"column":37},"end":{"line":39,"column":6}}},"4":{"name":"(anonymous_12)","decl":{"start":{"line":30,"column":37},"end":{"line":30,"column":null}},"loc":{"start":{"line":30,"column":37},"end":{"line":39,"column":5}}},"5":{"name":"(anonymous_13)","decl":{"start":{"line":50,"column":14},"end":{"line":50,"column":21}},"loc":{"start":{"line":50,"column":30},"end":{"line":62,"column":8}}},"6":{"name":"(anonymous_14)","decl":{"start":{"line":50,"column":30},"end":{"line":50,"column":null}},"loc":{"start":{"line":50,"column":30},"end":{"line":62,"column":7}}}},"branchMap":{"0":{"loc":{"start":{"line":20,"column":8},"end":{"line":22,"column":null}},"type":"if","locations":[{"start":{"line":20,"column":8},"end":{"line":22,"column":null}}]},"1":{"loc":{"start":{"line":36,"column":6},"end":{"line":38,"column":null}},"type":"if","locations":[{"start":{"line":36,"column":6},"end":{"line":38,"column":null}}]},"2":{"loc":{"start":{"line":51,"column":8},"end":{"line":53,"column":null}},"type":"if","locations":[{"start":{"line":51,"column":8},"end":{"line":53,"column":null}}]},"3":{"loc":{"start":{"line":51,"column":12},"end":{"line":51,"column":53}},"type":"binary-expr","locations":[{"start":{"line":51,"column":12},"end":{"line":51,"column":37}},{"start":{"line":51,"column":41},"end":{"line":51,"column":53}}]},"4":{"loc":{"start":{"line":59,"column":8},"end":{"line":61,"column":null}},"type":"if","locations":[{"start":{"line":59,"column":8},"end":{"line":61,"column":null}}]},"5":{"loc":{"start":{"line":67,"column":2},"end":{"line":74,"column":null}},"type":"switch","locations":[{"start":{"line":68,"column":4},"end":{"line":69,"column":null}},{"start":{"line":70,"column":4},"end":{"line":71,"column":null}},{"start":{"line":72,"column":4},"end":{"line":73,"column":null}}]}},"s":{"0":3,"1":3,"2":3,"3":3,"4":3,"5":6,"6":2,"7":2,"8":0,"9":2,"10":6,"11":4,"12":4,"13":4,"14":1,"15":6,"16":3,"17":3,"18":0,"19":3,"20":3,"21":1,"22":6,"23":3,"24":3,"25":0,"26":3},"f":{"0":6,"1":2,"2":2,"3":4,"4":4,"5":3,"6":3},"b":{"0":[0],"1":[1],"2":[0],"3":[3,3],"4":[1],"5":[3,3,0]}}
,"/Users/douglas/Sites/todo-api/src/config/database.ts": {"path":"/Users/douglas/Sites/todo-api/src/config/database.ts","statementMap":{"0":{"start":{"line":1,"column":0},"end":{"line":1,"column":45}},"1":{"start":{"line":2,"column":0},"end":{"line":2,"column":36}},"2":{"start":{"line":12,"column":31},"end":{"line":23,"column":1}},"3":{"start":{"line":13,"column":2},"end":{"line":22,"column":null}},"4":{"start":{"line":15,"column":6},"end":{"line":15,"column":null}},"5":{"start":{"line":17,"column":6},"end":{"line":17,"column":null}},"6":{"start":{"line":19,"column":6},"end":{"line":19,"column":null}},"7":{"start":{"line":21,"column":6},"end":{"line":21,"column":null}},"8":{"start":{"line":12,"column":13},"end":{"line":12,"column":31}},"9":{"start":{"line":25,"column":37},"end":{"line":58,"column":1}},"10":{"start":{"line":26,"column":17},"end":{"line":41,"column":4}},"11":{"start":{"line":42,"column":2},"end":{"line":46,"column":null}},"12":{"start":{"line":43,"column":4},"end":{"line":43,"column":null}},"13":{"start":{"line":44,"column":4},"end":{"line":44,"column":null}},"14":{"start":{"line":45,"column":4},"end":{"line":45,"column":null}},"15":{"start":{"line":47,"column":2},"end":{"line":51,"column":null}},"16":{"start":{"line":48,"column":4},"end":{"line":48,"column":null}},"17":{"start":{"line":49,"column":4},"end":{"line":49,"column":null}},"18":{"start":{"line":50,"column":4},"end":{"line":50,"column":null}},"19":{"start":{"line":52,"column":2},"end":{"line":56,"column":null}},"20":{"start":{"line":53,"column":4},"end":{"line":53,"column":null}},"21":{"start":{"line":54,"column":4},"end":{"line":54,"column":null}},"22":{"start":{"line":55,"column":4},"end":{"line":55,"column":null}},"23":{"start":{"line":57,"column":2},"end":{"line":57,"column":null}},"24":{"start":{"line":59,"column":31},"end":{"line":76,"column":1}},"25":{"start":{"line":62,"column":17},"end":{"line":69,"column":4}},"26":{"start":{"line":70,"column":2},"end":{"line":74,"column":null}},"27":{"start":{"line":71,"column":4},"end":{"line":71,"column":null}},"28":{"start":{"line":72,"column":4},"end":{"line":72,"column":null}},"29":{"start":{"line":73,"column":4},"end":{"line":73,"column":null}},"30":{"start":{"line":75,"column":2},"end":{"line":75,"column":null}},"31":{"start":{"line":78,"column":38},"end":{"line":120,"column":1}},"32":{"start":{"line":79,"column":17},"end":{"line":98,"column":4}},"33":{"start":{"line":99,"column":2},"end":{"line":103,"column":null}},"34":{"start":{"line":100,"column":4},"end":{"line":100,"column":null}},"35":{"start":{"line":101,"column":4},"end":{"line":101,"column":null}},"36":{"start":{"line":102,"column":4},"end":{"line":102,"column":null}},"37":{"start":{"line":104,"column":2},"end":{"line":108,"column":null}},"38":{"start":{"line":105,"column":4},"end":{"line":105,"column":null}},"39":{"start":{"line":106,"column":4},"end":{"line":106,"column":null}},"40":{"start":{"line":107,"column":4},"end":{"line":107,"column":null}},"41":{"start":{"line":109,"column":2},"end":{"line":113,"column":null}},"42":{"start":{"line":110,"column":4},"end":{"line":110,"column":null}},"43":{"start":{"line":111,"column":4},"end":{"line":111,"column":null}},"44":{"start":{"line":112,"column":4},"end":{"line":112,"column":null}},"45":{"start":{"line":114,"column":2},"end":{"line":118,"column":null}},"46":{"start":{"line":115,"column":4},"end":{"line":115,"column":null}},"47":{"start":{"line":116,"column":4},"end":{"line":116,"column":null}},"48":{"start":{"line":117,"column":4},"end":{"line":117,"column":null}},"49":{"start":{"line":119,"column":2},"end":{"line":119,"column":null}},"50":{"start":{"line":121,"column":15},"end":{"line":121,"column":32}},"51":{"start":{"line":122,"column":0},"end":{"line":122,"column":null}}},"fnMap":{"0":{"name":"(anonymous_1)","decl":{"start":{"line":12,"column":31},"end":{"line":12,"column":48}},"loc":{"start":{"line":12,"column":50},"end":{"line":23,"column":1}}},"1":{"name":"(anonymous_2)","decl":{"start":{"line":25,"column":37},"end":{"line":25,"column":54}},"loc":{"start":{"line":25,"column":56},"end":{"line":58,"column":1}}},"2":{"name":"(anonymous_3)","decl":{"start":{"line":42,"column":22},"end":{"line":42,"column":23}},"loc":{"start":{"line":42,"column":28},"end":{"line":46,"column":3}}},"3":{"name":"(anonymous_4)","decl":{"start":{"line":47,"column":21},"end":{"line":47,"column":22}},"loc":{"start":{"line":47,"column":27},"end":{"line":51,"column":3}}},"4":{"name":"(anonymous_5)","decl":{"start":{"line":52,"column":21},"end":{"line":52,"column":22}},"loc":{"start":{"line":52,"column":27},"end":{"line":56,"column":3}}},"5":{"name":"(anonymous_6)","decl":{"start":{"line":59,"column":31},"end":{"line":59,"column":48}},"loc":{"start":{"line":59,"column":50},"end":{"line":76,"column":1}}},"6":{"name":"(anonymous_7)","decl":{"start":{"line":70,"column":22},"end":{"line":70,"column":23}},"loc":{"start":{"line":70,"column":28},"end":{"line":74,"column":3}}},"7":{"name":"(anonymous_8)","decl":{"start":{"line":78,"column":38},"end":{"line":78,"column":55}},"loc":{"start":{"line":78,"column":57},"end":{"line":120,"column":1}}},"8":{"name":"(anonymous_9)","decl":{"start":{"line":99,"column":22},"end":{"line":99,"column":23}},"loc":{"start":{"line":99,"column":28},"end":{"line":103,"column":3}}},"9":{"name":"(anonymous_10)","decl":{"start":{"line":104,"column":21},"end":{"line":104,"column":22}},"loc":{"start":{"line":104,"column":27},"end":{"line":108,"column":3}}},"10":{"name":"(anonymous_11)","decl":{"start":{"line":109,"column":21},"end":{"line":109,"column":22}},"loc":{"start":{"line":109,"column":27},"end":{"line":113,"column":3}}},"11":{"name":"(anonymous_12)","decl":{"start":{"line":114,"column":22},"end":{"line":114,"column":23}},"loc":{"start":{"line":114,"column":28},"end":{"line":118,"column":3}}}},"branchMap":{"0":{"loc":{"start":{"line":13,"column":2},"end":{"line":22,"column":null}},"type":"switch","locations":[{"start":{"line":14,"column":4},"end":{"line":15,"column":null}},{"start":{"line":16,"column":4},"end":{"line":17,"column":null}},{"start":{"line":18,"column":4},"end":{"line":19,"column":null}},{"start":{"line":20,"column":4},"end":{"line":21,"column":null}}]}},"s":{"0":3,"1":3,"2":3,"3":3,"4":0,"5":3,"6":0,"7":0,"8":3,"9":3,"10":0,"11":0,"12":0,"13":0,"14":0,"15":0,"16":0,"17":0,"18":0,"19":0,"20":0,"21":0,"22":0,"23":0,"24":3,"25":3,"26":3,"27":0,"28":0,"29":0,"30":3,"31":3,"32":0,"33":0,"34":0,"35":0,"36":0,"37":0,"38":0,"39":0,"40":0,"41":0,"42":0,"43":0,"44":0,"45":0,"46":0,"47":0,"48":0,"49":0,"50":3,"51":3},"f":{"0":3,"1":0,"2":0,"3":0,"4":0,"5":3,"6":0,"7":0,"8":0,"9":0,"10":0,"11":0},"b":{"0":[0,3,0,0]}}
,"/Users/douglas/Sites/todo-api/src/middleware/error.middleware.ts": {"path":"/Users/douglas/Sites/todo-api/src/middleware/error.middleware.ts","statementMap":{"0":{"start":{"line":2,"column":0},"end":{"line":2,"column":37}},"1":{"start":{"line":4,"column":24},"end":{"line":16,"column":1}},"2":{"start":{"line":5,"column":4},"end":{"line":5,"column":null}},"3":{"start":{"line":6,"column":19},"end":{"line":6,"column":36}},"4":{"start":{"line":7,"column":20},"end":{"line":7,"column":58}},"5":{"start":{"line":9,"column":4},"end":{"line":9,"column":64}},"6":{"start":{"line":12,"column":4},"end":{"line":15,"column":7}},"7":{"start":{"line":18,"column":0},"end":{"line":18,"column":31}}},"fnMap":{"0":{"name":"(anonymous_1)","decl":{"start":{"line":4,"column":24},"end":{"line":4,"column":25}},"loc":{"start":{"line":4,"column":86},"end":{"line":16,"column":1}}}},"branchMap":{"0":{"loc":{"start":{"line":6,"column":19},"end":{"line":6,"column":36}},"type":"binary-expr","locations":[{"start":{"line":6,"column":19},"end":{"line":6,"column":29}},{"start":{"line":6,"column":33},"end":{"line":6,"column":36}}]},"1":{"loc":{"start":{"line":7,"column":20},"end":{"line":7,"column":58}},"type":"binary-expr","locations":[{"start":{"line":7,"column":20},"end":{"line":7,"column":31}},{"start":{"line":7,"column":35},"end":{"line":7,"column":58}}]}},"s":{"0":3,"1":3,"2":4,"3":4,"4":4,"5":4,"6":4,"7":3},"f":{"0":4},"b":{"0":[4,0],"1":[4,0]}}
,"/Users/douglas/Sites/todo-api/src/middleware/notFound.middleware.ts": {"path":"/Users/douglas/Sites/todo-api/src/middleware/notFound.middleware.ts","statementMap":{"0":{"start":{"line":2,"column":0},"end":{"line":2,"column":41}},"1":{"start":{"line":4,"column":27},"end":{"line":7,"column":1}},"2":{"start":{"line":5,"column":46},"end":{"line":5,"column":76}},"3":{"start":{"line":6,"column":4},"end":{"line":6,"column":14}},"4":{"start":{"line":9,"column":0},"end":{"line":9,"column":34}}},"fnMap":{"0":{"name":"(anonymous_1)","decl":{"start":{"line":4,"column":27},"end":{"line":4,"column":28}},"loc":{"start":{"line":4,"column":79},"end":{"line":7,"column":1}}}},"branchMap":{},"s":{"0":3,"1":3,"2":2,"3":2,"4":3},"f":{"0":2},"b":{}}
,"/Users/douglas/Sites/todo-api/src/utils/appError.ts": {"path":"/Users/douglas/Sites/todo-api/src/utils/appError.ts","statementMap":{"0":{"start":{"line":5,"column":8},"end":{"line":5,"column":23}},"1":{"start":{"line":6,"column":8},"end":{"line":6,"column":29}},"2":{"start":{"line":8,"column":8},"end":{"line":8,"column":56}},"3":{"start":{"line":11,"column":0},"end":{"line":11,"column":null}}},"fnMap":{"0":{"name":"(anonymous_0)","decl":{"start":{"line":4,"column":4},"end":{"line":4,"column":16}},"loc":{"start":{"line":4,"column":47},"end":{"line":9,"column":5}}}},"branchMap":{},"s":{"0":5,"1":5,"2":5,"3":3},"f":{"0":5},"b":{}}
,"/Users/douglas/Sites/todo-api/src/utils/asyncHandler.ts": {"path":"/Users/douglas/Sites/todo-api/src/utils/asyncHandler.ts","statementMap":{"0":{"start":{"line":2,"column":0},"end":{"line":2,"column":29}},"1":{"start":{"line":5,"column":2},"end":{"line":13,"column":null}},"2":{"start":{"line":6,"column":4},"end":{"line":12,"column":null}},"3":{"start":{"line":7,"column":6},"end":{"line":10,"column":null}},"4":{"start":{"line":11,"column":6},"end":{"line":11,"column":null}},"5":{"start":{"line":4,"column":0},"end":{"line":4,"column":16}}},"fnMap":{"0":{"name":"asyncHandler","decl":{"start":{"line":4,"column":16},"end":{"line":4,"column":28}},"loc":{"start":{"line":4,"column":47},"end":{"line":14,"column":1}}},"1":{"name":"(anonymous_2)","decl":{"start":{"line":5,"column":9},"end":{"line":5,"column":10}},"loc":{"start":{"line":5,"column":61},"end":{"line":13,"column":3}}},"2":{"name":"(anonymous_3)","decl":{"start":{"line":6,"column":46},"end":{"line":6,"column":47}},"loc":{"start":{"line":6,"column":54},"end":{"line":12,"column":5}}}},"branchMap":{},"s":{"0":3,"1":18,"2":11,"3":0,"4":0,"5":3},"f":{"0":18,"1":11,"2":0},"b":{}}
,"/Users/douglas/Sites/todo-api/src/utils/logger.ts": {"path":"/Users/douglas/Sites/todo-api/src/utils/logger.ts","statementMap":{"0":{"start":{"line":1,"column":0},"end":{"line":1,"column":29}},"1":{"start":{"line":2,"column":0},"end":{"line":2,"column":19}},"2":{"start":{"line":5,"column":15},"end":{"line":5,"column":21}},"3":{"start":{"line":6,"column":0},"end":{"line":10,"column":null}},"4":{"start":{"line":7,"column":2},"end":{"line":7,"column":null}},"5":{"start":{"line":8,"column":7},"end":{"line":10,"column":null}},"6":{"start":{"line":9,"column":2},"end":{"line":9,"column":null}},"7":{"start":{"line":12,"column":15},"end":{"line":30,"column":2}},"8":{"start":{"line":18,"column":6},"end":{"line":18,"column":null}},"9":{"start":{"line":33,"column":0},"end":{"line":39,"column":null}},"10":{"start":{"line":34,"column":2},"end":{"line":38,"column":null}},"11":{"start":{"line":41,"column":0},"end":{"line":41,"column":null}}},"fnMap":{"0":{"name":"(anonymous_1)","decl":{"start":{"line":17,"column":26},"end":{"line":17,"column":27}},"loc":{"start":{"line":17,"column":60},"end":{"line":19,"column":5}}}},"branchMap":{"0":{"loc":{"start":{"line":6,"column":0},"end":{"line":10,"column":null}},"type":"if","locations":[{"start":{"line":6,"column":0},"end":{"line":10,"column":null}},{"start":{"line":8,"column":7},"end":{"line":10,"column":null}}]},"1":{"loc":{"start":{"line":8,"column":7},"end":{"line":10,"column":null}},"type":"if","locations":[{"start":{"line":8,"column":7},"end":{"line":10,"column":null}}]},"2":{"loc":{"start":{"line":22,"column":17},"end":{"line":22,"column":54}},"type":"binary-expr","locations":[{"start":{"line":22,"column":17},"end":{"line":22,"column":37}},{"start":{"line":22,"column":41},"end":{"line":22,"column":54}}]},"3":{"loc":{"start":{"line":33,"column":0},"end":{"line":39,"column":null}},"type":"if","locations":[{"start":{"line":33,"column":0},"end":{"line":39,"column":null}}]}},"s":{"0":3,"1":3,"2":3,"3":3,"4":0,"5":3,"6":0,"7":3,"8":18,"9":3,"10":3,"11":3},"f":{"0":18},"b":{"0":[0,3],"1":[0],"2":[3,0],"3":[3]}}
,"/Users/douglas/Sites/todo-api/src/utils/requestLogger.ts": {"path":"/Users/douglas/Sites/todo-api/src/utils/requestLogger.ts","statementMap":{"0":{"start":{"line":1,"column":0},"end":{"line":1,"column":27}},"1":{"start":{"line":2,"column":0},"end":{"line":2,"column":29}},"2":{"start":{"line":4,"column":15},"end":{"line":6,"column":null}},"3":{"start":{"line":5,"column":30},"end":{"line":5,"column":57}},"4":{"start":{"line":7,"column":22},"end":{"line":7,"column":105}},"5":{"start":{"line":9,"column":0},"end":{"line":9,"column":null}}},"fnMap":{"0":{"name":"(anonymous_1)","decl":{"start":{"line":5,"column":9},"end":{"line":5,"column":10}},"loc":{"start":{"line":5,"column":30},"end":{"line":5,"column":57}}}},"branchMap":{},"s":{"0":3,"1":3,"2":3,"3":14,"4":3,"5":3},"f":{"0":14},"b":{}}
,"/Users/douglas/Sites/todo-api/src/validators/common/handleValidationErrors.ts": {"path":"/Users/douglas/Sites/todo-api/src/validators/common/handleValidationErrors.ts","statementMap":{"0":{"start":{"line":2,"column":0},"end":{"line":2,"column":52}},"1":{"start":{"line":3,"column":0},"end":{"line":3,"column":40}},"2":{"start":{"line":4,"column":0},"end":{"line":4,"column":44}},"3":{"start":{"line":6,"column":31},"end":{"line":19,"column":1}},"4":{"start":{"line":7,"column":17},"end":{"line":7,"column":38}},"5":{"start":{"line":8,"column":2},"end":{"line":18,"column":null}},"6":{"start":{"line":9,"column":28},"end":{"line":9,"column":96}},"7":{"start":{"line":9,"column":57},"end":{"line":9,"column":95}},"8":{"start":{"line":10,"column":4},"end":{"line":13,"column":null}},"9":{"start":{"line":11,"column":40},"end":{"line":11,"column":59}},"10":{"start":{"line":12,"column":8},"end":{"line":12,"column":null}},"11":{"start":{"line":14,"column":4},"end":{"line":14,"column":55}},"12":{"start":{"line":15,"column":4},"end":{"line":15,"column":null}},"13":{"start":{"line":17,"column":4},"end":{"line":17,"column":null}},"14":{"start":{"line":21,"column":0},"end":{"line":21,"column":null}}},"fnMap":{"0":{"name":"(anonymous_1)","decl":{"start":{"line":6,"column":31},"end":{"line":6,"column":32}},"loc":{"start":{"line":6,"column":86},"end":{"line":19,"column":1}}},"1":{"name":"(anonymous_2)","decl":{"start":{"line":9,"column":48},"end":{"line":9,"column":53}},"loc":{"start":{"line":9,"column":57},"end":{"line":9,"column":95}}}},"branchMap":{"0":{"loc":{"start":{"line":8,"column":2},"end":{"line":18,"column":null}},"type":"if","locations":[{"start":{"line":8,"column":2},"end":{"line":18,"column":null}},{"start":{"line":16,"column":9},"end":{"line":18,"column":null}}]},"1":{"loc":{"start":{"line":10,"column":4},"end":{"line":13,"column":null}},"type":"if","locations":[{"start":{"line":10,"column":4},"end":{"line":13,"column":null}}]}},"s":{"0":3,"1":3,"2":3,"3":3,"4":6,"5":6,"6":1,"7":1,"8":1,"9":1,"10":1,"11":0,"12":0,"13":5,"14":3},"f":{"0":6,"1":1},"b":{"0":[1,5],"1":[1]}}
,"/Users/douglas/Sites/todo-api/src/validators/common/validate.ts": {"path":"/Users/douglas/Sites/todo-api/src/validators/common/validate.ts","statementMap":{"0":{"start":{"line":2,"column":0},"end":{"line":2,"column":61}},"1":{"start":{"line":16,"column":24},"end":{"line":21,"column":1}},"2":{"start":{"line":20,"column":2},"end":{"line":20,"column":null}},"3":{"start":{"line":16,"column":13},"end":{"line":16,"column":24}}},"fnMap":{"0":{"name":"(anonymous_1)","decl":{"start":{"line":16,"column":24},"end":{"line":16,"column":null}},"loc":{"start":{"line":18,"column":4},"end":{"line":21,"column":1}}}},"branchMap":{},"s":{"0":3,"1":3,"2":12,"3":3},"f":{"0":12},"b":{}}
,"/Users/douglas/Sites/todo-api/tests/integration/utils/apiValidator.ts": {"path":"/Users/douglas/Sites/todo-api/tests/integration/utils/apiValidator.ts","statementMap":{"0":{"start":{"line":2,"column":0},"end":{"line":2,"column":39}},"1":{"start":{"line":3,"column":0},"end":{"line":3,"column":44}},"2":{"start":{"line":5,"column":0},"end":{"line":5,"column":42}}},"fnMap":{},"branchMap":{},"s":{"0":3,"1":3,"2":3},"f":{},"b":{}}
}
