TN:
SF:src/server.ts
FNF:0
FNH:0
DA:1,3
DA:2,3
DA:3,3
DA:4,3
DA:5,3
DA:6,3
DA:7,3
DA:8,3
DA:9,3
DA:12,3
DA:14,3
DA:15,3
DA:16,3
DA:17,3
DA:19,3
DA:20,3
DA:26,3
DA:30,3
DA:31,3
DA:33,3
DA:34,3
DA:36,3
LF:22
LH:22
BRF:0
BRH:0
end_of_record
TN:
SF:src/api/todos/todo.controller.ts
FN:4,(anonymous_7)
FN:7,(anonymous_8)
FN:15,(anonymous_9)
FN:18,(anonymous_10)
FNF:4
FNH:0
FNDA:0,(anonymous_7)
FNDA:0,(anonymous_8)
FNDA:0,(anonymous_9)
FNDA:0,(anonymous_10)
DA:2,3
DA:4,3
DA:7,0
DA:8,0
DA:12,0
DA:15,3
DA:18,0
DA:19,0
DA:24,0
LF:9
LH:3
BRF:0
BRH:0
end_of_record
TN:
SF:src/api/todos/todo.routes.ts
FN:9,(anonymous_6)
FN:12,(anonymous_7)
FN:23,(anonymous_8)
FNF:3
FNH:0
FNDA:0,(anonymous_6)
FNDA:0,(anonymous_7)
FNDA:0,(anonymous_8)
DA:1,3
DA:2,3
DA:3,3
DA:4,3
DA:5,3
DA:7,3
DA:9,3
DA:10,0
DA:12,3
DA:13,3
DA:18,3
DA:23,3
DA:25,3
LF:13
LH:12
BRF:0
BRH:0
end_of_record
TN:
SF:src/api/todos/todo.service.ts
FN:4,(anonymous_8)
FN:13,(anonymous_10)
FNF:2
FNH:0
FNDA:0,(anonymous_8)
FNDA:0,(anonymous_10)
DA:1,3
DA:3,3
DA:5,0
DA:14,0
LF:4
LH:2
BRF:0
BRH:0
end_of_record
TN:
SF:src/api/todos/todo.validations.ts
FN:4,(anonymous_8)
FN:18,(anonymous_9)
FN:18,(anonymous_10)
FN:34,(anonymous_11)
FN:34,(anonymous_12)
FNF:5
FNH:1
FNDA:6,(anonymous_8)
FNDA:0,(anonymous_9)
FNDA:0,(anonymous_10)
FNDA:0,(anonymous_11)
FNDA:0,(anonymous_12)
DA:1,3
DA:2,3
DA:4,3
DA:5,6
DA:18,0
DA:19,0
DA:20,0
DA:22,0
DA:27,0
DA:28,0
DA:33,6
DA:34,0
DA:35,0
DA:36,0
DA:38,0
DA:43,0
DA:44,0
DA:49,6
DA:51,3
DA:53,3
DA:55,0
LF:21
LH:8
BRDA:19,0,0,0
BRDA:27,1,0,0
BRDA:35,2,0,0
BRDA:43,3,0,0
BRDA:49,4,0,3
BRDA:49,4,1,3
BRDA:49,4,2,0
BRF:7
BRH:2
end_of_record
TN:
SF:src/api/users/user.controller.ts
FN:5,(anonymous_8)
FN:5,(anonymous_9)
FN:10,(anonymous_10)
FN:10,(anonymous_11)
FN:15,(anonymous_12)
FN:19,(anonymous_13)
FN:27,(anonymous_14)
FN:27,(anonymous_15)
FNF:8
FNH:8
FNDA:2,(anonymous_8)
FNDA:2,(anonymous_9)
FNDA:1,(anonymous_10)
FNDA:1,(anonymous_11)
FNDA:5,(anonymous_12)
FNDA:5,(anonymous_13)
FNDA:3,(anonymous_14)
FNDA:3,(anonymous_15)
DA:2,3
DA:3,3
DA:5,3
DA:6,2
DA:7,2
DA:10,3
DA:11,1
DA:12,1
DA:15,3
DA:19,5
DA:20,5
DA:21,5
DA:22,1
DA:24,4
DA:27,3
DA:28,3
DA:33,3
LF:17
LH:17
BRDA:21,0,0,1
BRF:1
BRH:1
end_of_record
TN:
SF:src/api/users/user.routes.ts
FNF:0
FNH:0
DA:1,3
DA:2,3
DA:3,3
DA:4,3
DA:5,3
DA:7,3
DA:9,3
DA:10,3
DA:15,3
DA:16,3
DA:22,3
LF:11
LH:11
BRF:0
BRH:0
end_of_record
TN:
SF:src/api/users/user.service.ts
FN:4,(anonymous_8)
FN:13,(anonymous_10)
FN:17,(anonymous_12)
FN:25,(anonymous_14)
FN:37,(anonymous_16)
FN:45,(anonymous_18)
FNF:6
FNH:6
FNDA:4,(anonymous_8)
FNDA:1,(anonymous_10)
FNDA:5,(anonymous_12)
FNDA:3,(anonymous_14)
FNDA:2,(anonymous_16)
FNDA:2,(anonymous_18)
DA:1,3
DA:3,3
DA:5,4
DA:14,1
DA:18,5
DA:26,3
DA:38,2
DA:46,2
DA:51,2
LF:9
LH:9
BRF:0
BRH:0
end_of_record
TN:
SF:src/api/users/user.validations.ts
FN:6,(anonymous_8)
FN:19,(anonymous_9)
FN:19,(anonymous_10)
FN:30,(anonymous_11)
FN:30,(anonymous_12)
FN:50,(anonymous_13)
FN:50,(anonymous_14)
FNF:7
FNH:7
FNDA:6,(anonymous_8)
FNDA:2,(anonymous_9)
FNDA:2,(anonymous_10)
FNDA:4,(anonymous_11)
FNDA:4,(anonymous_12)
FNDA:3,(anonymous_13)
FNDA:3,(anonymous_14)
DA:1,3
DA:2,3
DA:3,3
DA:4,3
DA:6,3
DA:7,6
DA:19,2
DA:20,2
DA:21,0
DA:23,2
DA:27,6
DA:30,4
DA:31,4
DA:36,4
DA:37,1
DA:42,6
DA:50,3
DA:51,3
DA:52,0
DA:54,3
DA:59,3
DA:60,1
DA:67,6
DA:69,3
DA:71,3
DA:73,0
LF:26
LH:23
BRDA:20,0,0,0
BRDA:36,1,0,1
BRDA:51,2,0,0
BRDA:51,3,0,3
BRDA:51,3,1,3
BRDA:59,4,0,1
BRDA:67,5,0,3
BRDA:67,5,1,3
BRDA:67,5,2,0
BRF:9
BRH:6
end_of_record
TN:
SF:src/config/database.ts
FN:12,(anonymous_1)
FN:25,(anonymous_2)
FN:42,(anonymous_3)
FN:47,(anonymous_4)
FN:52,(anonymous_5)
FN:59,(anonymous_6)
FN:70,(anonymous_7)
FN:78,(anonymous_8)
FN:99,(anonymous_9)
FN:104,(anonymous_10)
FN:109,(anonymous_11)
FN:114,(anonymous_12)
FNF:12
FNH:2
FNDA:3,(anonymous_1)
FNDA:0,(anonymous_2)
FNDA:0,(anonymous_3)
FNDA:0,(anonymous_4)
FNDA:0,(anonymous_5)
FNDA:3,(anonymous_6)
FNDA:0,(anonymous_7)
FNDA:0,(anonymous_8)
FNDA:0,(anonymous_9)
FNDA:0,(anonymous_10)
FNDA:0,(anonymous_11)
FNDA:0,(anonymous_12)
DA:1,3
DA:2,3
DA:12,3
DA:13,3
DA:15,0
DA:17,3
DA:19,0
DA:21,0
DA:25,3
DA:26,0
DA:42,0
DA:43,0
DA:44,0
DA:45,0
DA:47,0
DA:48,0
DA:49,0
DA:50,0
DA:52,0
DA:53,0
DA:54,0
DA:55,0
DA:57,0
DA:59,3
DA:62,3
DA:70,3
DA:71,0
DA:72,0
DA:73,0
DA:75,3
DA:78,3
DA:79,0
DA:99,0
DA:100,0
DA:101,0
DA:102,0
DA:104,0
DA:105,0
DA:106,0
DA:107,0
DA:109,0
DA:110,0
DA:111,0
DA:112,0
DA:114,0
DA:115,0
DA:116,0
DA:117,0
DA:119,0
DA:121,3
DA:122,3
LF:51
LH:13
BRDA:13,0,0,0
BRDA:13,0,1,3
BRDA:13,0,2,0
BRDA:13,0,3,0
BRF:4
BRH:1
end_of_record
TN:
SF:src/middleware/error.middleware.ts
FN:4,(anonymous_1)
FNF:1
FNH:1
FNDA:4,(anonymous_1)
DA:2,3
DA:4,3
DA:5,4
DA:6,4
DA:7,4
DA:9,4
DA:12,4
DA:18,3
LF:8
LH:8
BRDA:6,0,0,4
BRDA:6,0,1,0
BRDA:7,1,0,4
BRDA:7,1,1,0
BRF:4
BRH:2
end_of_record
TN:
SF:src/middleware/notFound.middleware.ts
FN:4,(anonymous_1)
FNF:1
FNH:1
FNDA:2,(anonymous_1)
DA:2,3
DA:4,3
DA:5,2
DA:6,2
DA:9,3
LF:5
LH:5
BRF:0
BRH:0
end_of_record
TN:
SF:src/utils/appError.ts
FN:4,(anonymous_0)
FNF:1
FNH:1
FNDA:5,(anonymous_0)
DA:5,5
DA:6,5
DA:8,5
DA:11,3
LF:4
LH:4
BRF:0
BRH:0
end_of_record
TN:
SF:src/utils/asyncHandler.ts
FN:4,asyncHandler
FN:5,(anonymous_2)
FN:6,(anonymous_3)
FNF:3
FNH:2
FNDA:18,asyncHandler
FNDA:11,(anonymous_2)
FNDA:0,(anonymous_3)
DA:2,3
DA:4,3
DA:5,18
DA:6,11
DA:7,0
DA:11,0
LF:6
LH:4
BRF:0
BRH:0
end_of_record
TN:
SF:src/utils/logger.ts
FN:17,(anonymous_1)
FNF:1
FNH:1
FNDA:18,(anonymous_1)
DA:1,3
DA:2,3
DA:5,3
DA:6,3
DA:7,0
DA:8,3
DA:9,0
DA:12,3
DA:18,18
DA:33,3
DA:34,3
DA:41,3
LF:12
LH:10
BRDA:6,0,0,0
BRDA:6,0,1,3
BRDA:8,1,0,0
BRDA:22,2,0,3
BRDA:22,2,1,0
BRDA:33,3,0,3
BRF:6
BRH:3
end_of_record
TN:
SF:src/utils/requestLogger.ts
FN:5,(anonymous_1)
FNF:1
FNH:1
FNDA:14,(anonymous_1)
DA:1,3
DA:2,3
DA:4,3
DA:5,14
DA:7,3
DA:9,3
LF:6
LH:6
BRF:0
BRH:0
end_of_record
TN:
SF:src/validators/common/handleValidationErrors.ts
FN:6,(anonymous_1)
FN:9,(anonymous_2)
FNF:2
FNH:2
FNDA:6,(anonymous_1)
FNDA:1,(anonymous_2)
DA:2,3
DA:3,3
DA:4,3
DA:6,3
DA:7,6
DA:8,6
DA:9,1
DA:10,1
DA:11,1
DA:12,1
DA:14,0
DA:15,0
DA:17,5
DA:21,3
LF:14
LH:12
BRDA:8,0,0,1
BRDA:8,0,1,5
BRDA:10,1,0,1
BRF:3
BRH:3
end_of_record
TN:
SF:src/validators/common/validate.ts
FN:16,(anonymous_1)
FNF:1
FNH:1
FNDA:12,(anonymous_1)
DA:2,3
DA:16,3
DA:20,12
LF:3
LH:3
BRF:0
BRH:0
end_of_record
TN:
SF:tests/integration/utils/apiValidator.ts
FNF:0
FNH:0
DA:2,3
DA:3,3
DA:5,3
LF:3
LH:3
BRF:0
BRH:0
end_of_record
